2025-03-29 13:00:47,676 - ERROR - Failed to send email: [Errno 2] No such file or directory: 'token.json'
2025-03-29 13:47:58,534 - ERROR - Failed to send email: [Errno 2] No such file or directory: 'token.json'
2025-03-29 13:57:50,419 - INFO - file_cache is only supported with oauth2client<4.0.0
2025-03-29 13:57:50,433 - DEBUG - URL being requested: POST https://gmail.googleapis.com/gmail/v1/users/me/messages/send?alt=json
2025-03-29 13:57:50,435 - DEBUG - Making request: POST https://oauth2.googleapis.com/token
2025-03-29 14:02:20,928 - INFO - file_cache is only supported with oauth2client<4.0.0
2025-03-29 14:02:20,943 - DEBUG - URL being requested: POST https://gmail.googleapis.com/gmail/v1/users/me/messages/send?alt=json
2025-03-29 14:02:20,944 - DEBUG - Making request: POST https://oauth2.googleapis.com/token
2025-03-29 14:05:56,537 - INFO - file_cache is only supported with oauth2client<4.0.0
2025-03-29 14:05:56,541 - ERROR - Logo image not found at C:\xampp\htdocs\pbl2_sourcecode\spendly\backend_process\logo-no-background.png
2025-03-29 14:05:56,546 - DEBUG - URL being requested: POST https://gmail.googleapis.com/gmail/v1/users/me/messages/send?alt=json
2025-03-29 14:05:56,546 - DEBUG - Making request: POST https://oauth2.googleapis.com/token
2025-03-29 14:07:39,661 - INFO - file_cache is only supported with oauth2client<4.0.0
2025-03-29 14:07:39,677 - DEBUG - URL being requested: POST https://gmail.googleapis.com/gmail/v1/users/me/messages/send?alt=json
2025-03-29 14:07:39,677 - DEBUG - Making request: POST https://oauth2.googleapis.com/token
2025-03-29 14:09:36,251 - INFO - file_cache is only supported with oauth2client<4.0.0
2025-03-29 14:09:36,262 - DEBUG - URL being requested: POST https://gmail.googleapis.com/gmail/v1/users/me/messages/send?alt=json
2025-03-29 14:09:36,263 - DEBUG - Making request: POST https://oauth2.googleapis.com/token
2025-03-29 14:39:30,162 - INFO - file_cache is only supported with oauth2client<4.0.0
2025-03-29 14:39:30,181 - DEBUG - URL being requested: POST https://gmail.googleapis.com/gmail/v1/users/me/messages/send?alt=json
2025-03-29 14:39:30,183 - DEBUG - Making request: POST https://oauth2.googleapis.com/token
2025-03-29 15:07:45,563 - INFO - file_cache is only supported with oauth2client<4.0.0
2025-03-29 15:07:45,586 - DEBUG - URL being requested: POST https://gmail.googleapis.com/gmail/v1/users/me/messages/send?alt=json
2025-03-29 15:07:45,587 - DEBUG - Making request: POST https://oauth2.googleapis.com/token
2025-03-29 15:47:37,306 - INFO - file_cache is only supported with oauth2client<4.0.0
2025-03-29 15:47:37,334 - DEBUG - URL being requested: POST https://gmail.googleapis.com/gmail/v1/users/me/messages/send?alt=json
2025-03-29 15:47:37,334 - DEBUG - Making request: POST https://oauth2.googleapis.com/token
2025-03-30 19:13:30,068 - INFO - file_cache is only supported with oauth2client<4.0.0
2025-03-30 19:13:30,084 - DEBUG - URL being requested: POST https://gmail.googleapis.com/gmail/v1/users/me/messages/send?alt=json
2025-03-30 19:13:30,084 - DEBUG - Making request: POST https://oauth2.googleapis.com/token
2025-04-04 10:29:58,170 - INFO - file_cache is only supported with oauth2client<4.0.0
2025-04-04 10:29:58,184 - DEBUG - URL being requested: POST https://gmail.googleapis.com/gmail/v1/users/me/messages/send?alt=json
2025-04-04 10:29:58,184 - DEBUG - Making request: POST https://oauth2.googleapis.com/token
